\BOOKMARK [1][-]{section.1}{\376\377\000I\000n\000t\000r\000o\000d\000u\000c\000t\000i\000o\000n}{}% 1
\BOOKMARK [1][-]{section.2}{\376\377\000P\000a\000s\000s\000e\000r\000\040\000R\000a\000t\000i\000n\000g\000\040\000A\000l\000t\000e\000r\000n\000a\000t\000i\000v\000e\000s}{}% 2
\BOOKMARK [2][-]{subsection.2.1}{\376\377\000C\000r\000i\000t\000i\000c\000i\000s\000m\000\040\000o\000f\000\040\000Q\000B\000R}{section.2}% 3
\BOOKMARK [1][-]{section.3}{\376\377\000M\000e\000t\000h\000o\000d\000s}{}% 4
\BOOKMARK [1][-]{section.4}{\376\377\000M\000o\000d\000e\000l}{}% 5
\BOOKMARK [2][-]{subsection.4.1}{\376\377\000C\000o\000m\000p\000l\000e\000t\000i\000o\000n\000s}{section.4}% 6
\BOOKMARK [2][-]{subsection.4.2}{\376\377\000I\000n\000t\000e\000r\000c\000e\000p\000t\000i\000o\000n\000s}{section.4}% 7
\BOOKMARK [2][-]{subsection.4.3}{\376\377\000M\000o\000d\000e\000l\000\040\000f\000o\000r\000\040\000y\000a\000r\000d\000a\000g\000e\000\040\000g\000i\000v\000e\000n\000\040\000c\000o\000m\000p\000l\000e\000t\000i\000o\000n}{section.4}% 8
\BOOKMARK [2][-]{subsection.4.4}{\376\377\000D\000a\000t\000a\000\040\000-\000\040\000O\000p\000e\000n\000\040\000S\000o\000u\000r\000c\000e}{section.4}% 9
\BOOKMARK [1][-]{section.5}{\376\377\000D\000a\000t\000a}{}% 10
\BOOKMARK [2][-]{subsubsection.5.0.1}{\376\377\000n\000f\000l\000s\000c\000r\000a\000p\000r}{section.5}% 11
\BOOKMARK [2][-]{subsection.5.1}{\376\377\000H\000o\000w\000\040\000w\000e\000\040\000u\000s\000e\000\040\000o\000u\000r\000\040\000d\000a\000t\000a}{section.5}% 12
\BOOKMARK [3][-]{subsubsection.5.1.1}{\376\377\000S\000i\000m\000u\000l\000a\000t\000i\000o\000n\000!\000\040\000B\000a\000y\000s\000e\000i\000a\000n\000?}{subsection.5.1}% 13
\BOOKMARK [3][-]{subsubsection.5.1.2}{\376\377\000M\000a\000r\000k\000o\000v\000\040\000C\000h\000a\000i\000n\000\040\000N\000o\000t\000i\000o\000n\000:}{subsection.5.1}% 14
\BOOKMARK [3][-]{subsubsection.5.1.3}{\376\377\000V\000a\000r\000i\000a\000b\000l\000e\000\040\000d\000e\000s\000c\000r\000i\000p\000t\000i\000o\000n\000!\000\040\000\050\000M\000o\000r\000e\000\040\000i\000'\000s\000\040\000t\000h\000a\000n\000\040\000M\000i\000s\000s\000i\000s\000s\000i\000p\000p\000i\000\051}{subsection.5.1}% 15
\BOOKMARK [2][-]{subsection.5.2}{\376\377\000H\000o\000w\000\040\000w\000e\000\040\000v\000i\000s\000u\000a\000l\000i\000z\000e\000,\000\040\000p\000a\000r\000s\000e\000\040\000o\000u\000r\000\040\000a\000n\000a\000l\000y\000s\000e\000s\000?}{section.5}% 16
\BOOKMARK [2][-]{subsection.5.3}{\376\377\000T\000h\000e\000o\000r\000e\000t\000i\000c\000a\000l\000\040\000R\000e\000s\000u\000l\000t\000s}{section.5}% 17
\BOOKMARK [1][-]{figure.1}{\376\377\000R\000e\000s\000u\000l\000t\000s}{}% 18
\BOOKMARK [2][-]{subsection.6.1}{\376\377\000C\000o\000r\000r\000e\000l\000a\000t\000i\000o\000n\000\040\000b\000e\000t\000w\000e\000e\000n\000\040\000R\000I\000P\000P\000E\000N\000\040\000a\000n\000d\000\040\000w\000i\000n\000n\000i\000n\000g}{figure.1}% 19
\BOOKMARK [2][-]{subsection.6.2}{\376\377\000P\000r\000e\000l\000i\000m\000i\000n\000a\000r\000y\000\040\000R\000e\000s\000u\000l\000t\000s\000\040\000\046\000\040\000N\000o\000t\000e\000s}{figure.1}% 20
\BOOKMARK [2][-]{subsection.6.3}{\376\377\000B\000a\000y\000e\000s\000i\000a\000n\000\040\000P\000o\000s\000t\000e\000r\000i\000o\000r\000\040\000D\000i\000s\000t\000r\000i\000b\000u\000t\000i\000o\000n\000s\000\040\000S\000t\000u\000f\000f}{figure.1}% 21
\BOOKMARK [2][-]{subsection.6.4}{\376\377\000R\000o\000d\000g\000e\000r\000s\000\040\000v\000s\000\040\000T\000e\000b\000o\000w\000\040\000E\000x\000a\000m\000p\000l\000e\000.\000\040}{figure.1}% 22
\BOOKMARK [2][-]{subsection.6.5}{\376\377\000D\000i\000s\000t\000r\000i\000b\000t\000u\000i\000o\000n\000\040\000o\000f\000\040\000R\000I\000P\000P\000E\000N}{figure.1}% 23
\BOOKMARK [2][-]{subsection.6.6}{\376\377\000B\000e\000s\000t\000\040\000G\000a\000m\000e\000s\000/\000S\000e\000a\000s\000o\000n\000s}{figure.1}% 24
\BOOKMARK [1][-]{section.7}{\376\377\000C\000o\000n\000c\000l\000u\000s\000i\000o\000n\000\040\000a\000n\000d\000\040\000F\000u\000t\000u\000r\000e\000\040\000W\000o\000r\000k}{}% 25
\BOOKMARK [1][-]{section*.1}{\376\377\000A\000u\000t\000h\000o\000r\000'\000s\000\040\000a\000d\000d\000r\000e\000s\000s\000e\000s}{}% 26
\BOOKMARK [1][-]{section*.1}{\376\377\000A\000p\000p\000e\000n\000d\000i\000x}{}% 27
\BOOKMARK [1][-]{section*.2}{\376\377\000A\000u\000t\000h\000o\000r\000'\000s\000\040\000a\000d\000d\000r\000e\000s\000s\000e\000s}{}% 28
